
* (time (permute '(1 2 3 4)))
((3 2 4 1) (2 3 4 1) (4 2 3 1) (2 4 3 1) (4 3 2 1) (3 4 2 1) (3 1 4 2)
 (1 3 4 2) (4 1 3 2) (1 4 3 2) (4 3 1 2) (3 4 1 2) (2 1 4 3) (1 2 4 3)
 (4 1 2 3) (1 4 2 3) (4 2 1 3) (2 4 1 3) (2 1 3 4) (1 2 3 4) (3 1 2 4)
 (1 3 2 4) (3 2 1 4) (2 3 1 4))
* (time (permute '(1 2 3 4)))
((3 2 4 1) (2 3 4 1) (4 2 3 1) (2 4 3 1) (4 3 2 1) (3 4 2 1) (3 1 4 2)
 (1 3 4 2) (4 1 3 2) (1 4 3 2) (4 3 1 2) (3 4 1 2) (2 1 4 3) (1 2 4 3)
 (4 1 2 3) (1 4 2 3) (4 2 1 3) (2 4 1 3) (2 1 3 4) (1 2 3 4) (3 1 2 4)
 (1 3 2 4) (3 2 1 4) (2 3 1 4))
* 
* (time (length (permute '(1 2 3 4))))
24
* (time (length (permute '(1 2 3 4 5))))
120
* (time (length (permute '(1 2 3 4 5 6))))
720
* (time (length (permute '(1 2 3 4 5 6 7))))
5040
* (time (length (permute '(1 2 3 4 5 6 7 8))))
40320
* (time (length (permute '(1 2 3 4 5 6 7 8 9))))
362880
* (time (length (permute '(1 2 3 4 5 6 7 8 9 10))))
3628800
* 
